<?xml version="1.0" encoding="UTF-8" ?>
<testsuite tests="32" failures="0" name="com.project.app.ControllerTestCase" time="6.53" errors="0" skipped="0">
  <properties>
    <property name="java.runtime.name" value="Java(TM) SE Runtime Environment"/>
    <property name="sun.boot.library.path" value="C:\Program Files\Java\jdk1.8.0_144\jre\bin"/>
    <property name="java.vm.version" value="25.144-b01"/>
    <property name="java.vm.vendor" value="Oracle Corporation"/>
    <property name="maven.multiModuleProjectDirectory" value="C:\Users\Admin\eclipse-workspace2\ServiceAppln"/>
    <property name="java.vendor.url" value="http://java.oracle.com/"/>
    <property name="path.separator" value=";"/>
    <property name="guice.disable.misplaced.annotation.check" value="true"/>
    <property name="java.vm.name" value="Java HotSpot(TM) 64-Bit Server VM"/>
    <property name="file.encoding.pkg" value="sun.io"/>
    <property name="user.script" value=""/>
    <property name="user.country" value="US"/>
    <property name="sun.java.launcher" value="SUN_STANDARD"/>
    <property name="sun.os.patch.level" value="Service Pack 1"/>
    <property name="java.vm.specification.name" value="Java Virtual Machine Specification"/>
    <property name="user.dir" value="C:\Users\Admin\eclipse-workspace2\ServiceAppln"/>
    <property name="java.runtime.version" value="1.8.0_144-b01"/>
    <property name="java.awt.graphicsenv" value="sun.awt.Win32GraphicsEnvironment"/>
    <property name="java.endorsed.dirs" value="C:\Program Files\Java\jdk1.8.0_144\jre\lib\endorsed"/>
    <property name="os.arch" value="amd64"/>
    <property name="java.io.tmpdir" value="C:\Users\Admin\AppData\Local\Temp\"/>
    <property name="line.separator" value="
"/>
    <property name="java.vm.specification.vendor" value="Oracle Corporation"/>
    <property name="user.variant" value=""/>
    <property name="os.name" value="Windows 7"/>
    <property name="classworlds.conf" value="C:\Users\Admin\eclipse-workspace2\.metadata\.plugins\org.eclipse.m2e.launching\launches\m2conf8656893558848556738.tmp"/>
    <property name="sun.jnu.encoding" value="Cp1252"/>
    <property name="java.library.path" value="C:\Program Files\Java\jdk1.8.0_144\bin;C:\Windows\Sun\Java\bin;C:\Windows\system32;C:\Windows;C:/Program Files/Java/jre1.8.0_144/bin/server;C:/Program Files/Java/jre1.8.0_144/bin;C:/Program Files/Java/jre1.8.0_144/lib/amd64;C:\ProgramData\Oracle\Java\javapath;C:\Windows\system32;C:\Windows;C:\Windows\System32\Wbem;C:\Windows\System32\WindowsPowerShell\v1.0\;C:\Program Files\Git\cmd;C:\Program Files (x86)\MySQL\MySQL Fabric 1.5 &amp; MySQL Utilities 1.5\;C:\Program Files (x86)\MySQL\MySQL Fabric 1.5 &amp; MySQL Utilities 1.5\Doctrine extensions for PHP\;C:\Users\Admin\Downloads\apache-maven-3.6.0\bin;C:\Program Files (x86)\nodejs\;C:\Program Files\Microsoft VS Code\bin;C:\Users\Admin\AppData\Roaming\npm;C:\Users\Admin\Downloads\eclipse-jee-2018-12-R-win32-x86_64\eclipse;;."/>
    <property name="java.specification.name" value="Java Platform API Specification"/>
    <property name="java.class.version" value="52.0"/>
    <property name="sun.management.compiler" value="HotSpot 64-Bit Tiered Compilers"/>
    <property name="os.version" value="6.1"/>
    <property name="user.home" value="C:\Users\Admin"/>
    <property name="user.timezone" value="Asia/Calcutta"/>
    <property name="java.awt.printerjob" value="sun.awt.windows.WPrinterJob"/>
    <property name="java.specification.version" value="1.8"/>
    <property name="file.encoding" value="Cp1252"/>
    <property name="user.name" value="Admin"/>
    <property name="java.class.path" value="C:\Users\Admin\Downloads\eclipse-jee-2018-12-R-win32-x86_64\eclipse\plugins\org.eclipse.m2e.maven.runtime_1.10.0.20181127-2120\jars\plexus-classworlds-2.5.2.jar"/>
    <property name="java.vm.specification.version" value="1.8"/>
    <property name="sun.arch.data.model" value="64"/>
    <property name="java.home" value="C:\Program Files\Java\jdk1.8.0_144\jre"/>
    <property name="sun.java.command" value="org.codehaus.plexus.classworlds.launcher.Launcher -B install"/>
    <property name="java.specification.vendor" value="Oracle Corporation"/>
    <property name="user.language" value="en"/>
    <property name="awt.toolkit" value="sun.awt.windows.WToolkit"/>
    <property name="java.vm.info" value="mixed mode"/>
    <property name="java.version" value="1.8.0_144"/>
    <property name="java.ext.dirs" value="C:\Program Files\Java\jdk1.8.0_144\jre\lib\ext;C:\Windows\Sun\Java\lib\ext"/>
    <property name="sun.boot.class.path" value="C:\Program Files\Java\jdk1.8.0_144\jre\lib\resources.jar;C:\Program Files\Java\jdk1.8.0_144\jre\lib\rt.jar;C:\Program Files\Java\jdk1.8.0_144\jre\lib\sunrsasign.jar;C:\Program Files\Java\jdk1.8.0_144\jre\lib\jsse.jar;C:\Program Files\Java\jdk1.8.0_144\jre\lib\jce.jar;C:\Program Files\Java\jdk1.8.0_144\jre\lib\charsets.jar;C:\Program Files\Java\jdk1.8.0_144\jre\lib\jfr.jar;C:\Program Files\Java\jdk1.8.0_144\jre\classes"/>
    <property name="java.vendor" value="Oracle Corporation"/>
    <property name="maven.home" value="C:\Users\Admin\eclipse-workspace2\ServiceAppln\EMBEDDED"/>
    <property name="file.separator" value="\"/>
    <property name="java.vendor.url.bug" value="http://bugreport.sun.com/bugreport/"/>
    <property name="sun.cpu.endian" value="little"/>
    <property name="sun.io.unicode.encoding" value="UnicodeLittle"/>
    <property name="sun.desktop" value="windows"/>
    <property name="sun.cpu.isalist" value="amd64"/>
  </properties>
  <testcase classname="com.project.app.ControllerTestCase" name="getUserByIdHappyFace" time="0.666"/>
  <testcase classname="com.project.app.ControllerTestCase" name="getProjectUpdateSadFace" time="0.251"/>
  <testcase classname="com.project.app.ControllerTestCase" name="getUserDeleteByIdSadFace" time="0.013"/>
  <testcase classname="com.project.app.ControllerTestCase" name="getParentDeleteByIdHappyFace" time="0"/>
  <testcase classname="com.project.app.ControllerTestCase" name="getParentByIdHappyFace" time="0.108"/>
  <testcase classname="com.project.app.ControllerTestCase" name="getParentHappyFace" time="2.885"/>
  <testcase classname="com.project.app.ControllerTestCase" name="getTaskHappyFace" time="0.132"/>
  <testcase classname="com.project.app.ControllerTestCase" name="getUserHappyFace" time="0.033"/>
  <testcase classname="com.project.app.ControllerTestCase" name="getParentByIdSadFace" time="0.072"/>
  <testcase classname="com.project.app.ControllerTestCase" name="getParentDeleteByIdSadFace" time="0.113"/>
  <testcase classname="com.project.app.ControllerTestCase" name="getUserUpdateSadFace" time="1.245"/>
  <testcase classname="com.project.app.ControllerTestCase" name="getUserCreateHappyFace" time="0.439"/>
  <testcase classname="com.project.app.ControllerTestCase" name="getParentUpdateHappyFace" time="0"/>
  <testcase classname="com.project.app.ControllerTestCase" name="getTaskDeleteByIdHappyFace" time="0"/>
  <testcase classname="com.project.app.ControllerTestCase" name="getParentUpdateSadFace" time="0.001"/>
  <testcase classname="com.project.app.ControllerTestCase" name="getProjectDeleteByIdHappyFace" time="0.018"/>
  <testcase classname="com.project.app.ControllerTestCase" name="getProjectUpdateHappyFace" time="0.184"/>
  <testcase classname="com.project.app.ControllerTestCase" name="getTaskByIdSadFace" time="0"/>
  <testcase classname="com.project.app.ControllerTestCase" name="getProjectDeleteByIdSadFace" time="0"/>
  <testcase classname="com.project.app.ControllerTestCase" name="getTaskUpdateHappyFace" time="0.022"/>
  <testcase classname="com.project.app.ControllerTestCase" name="getTaskByIdHappyFace" time="0.005"/>
  <testcase classname="com.project.app.ControllerTestCase" name="getTaskDeleteByIdSadFace" time="0.03"/>
  <testcase classname="com.project.app.ControllerTestCase" name="getParentCreateHappyFace" time="0"/>
  <testcase classname="com.project.app.ControllerTestCase" name="getUserDeleteByIdHappyFace" time="0"/>
  <testcase classname="com.project.app.ControllerTestCase" name="getProjectByIdHappyFace" time="0.001"/>
  <testcase classname="com.project.app.ControllerTestCase" name="getProjectHappyFace" time="0"/>
  <testcase classname="com.project.app.ControllerTestCase" name="getProjectCreateHappyFace" time="0"/>
  <testcase classname="com.project.app.ControllerTestCase" name="getProjectByIdSadFace" time="0.059"/>
  <testcase classname="com.project.app.ControllerTestCase" name="getTaskUpdateSadFace" time="0.032"/>
  <testcase classname="com.project.app.ControllerTestCase" name="getTaskCreateHappyFace" time="0.035"/>
  <testcase classname="com.project.app.ControllerTestCase" name="getUserUpdateHappyFace" time="0.067"/>
  <testcase classname="com.project.app.ControllerTestCase" name="getUserByIdSadFace" time="0.119"/>
</testsuite>